# JRE version: OpenJDK Runtime Environment (17.0.2+8) (build 17.0.2+8-86)
# Java VM: OpenJDK 64-Bit Server VM (17.0.2+8-86, mixed mode, sharing, tiered, compressed oops, compressed class ptrs, serial gc, linux-amd64)
GC Precious Log:
 CPUs: 1 total, 1 available
 Memory: 3926M
 Large Page Support: Disabled
 NUMA Support: Disabled
 Compressed Oops: Enabled (32-bit)
 Heap Min Capacity: 8M
 Heap Initial Capacity: 62M
 Heap Max Capacity: 982M
 Pre-touch: Disabled
Heap:
 def new generation   total 35456K, used 15814K [0x00000000c2a00000, 0x00000000c5070000, 0x00000000d7150000)
  eden space 31552K,  50% used [0x00000000c2a00000, 0x00000000c3971948, 0x00000000c48d0000)
  from space 3904K,   0% used [0x00000000c48d0000, 0x00000000c48d0000, 0x00000000c4ca0000)
  to   space 3904K,   0% used [0x00000000c4ca0000, 0x00000000c4ca0000, 0x00000000c5070000)
 tenured generation   total 78684K, used 47209K [0x00000000d7150000, 0x00000000dbe27000, 0x0000000100000000)
   the space 78684K,  59% used [0x00000000d7150000, 0x00000000d9f6a4f8, 0x00000000d9f6a600, 0x00000000dbe27000)
 Metaspace       used 18251K, committed 18496K, reserved 1064960K
  class space    used 2675K, committed 2752K, reserved 1048576K
GC Heap History (16 events):
Event: 1,839 GC heap before
{Heap before GC invocations=0 (full 0):
 def new generation   total 19008K, used 16896K [0x00000000c2a00000, 0x00000000c3ea0000, 0x00000000d7150000)
  eden space 16896K, 100% used [0x00000000c2a00000, 0x00000000c3a80000, 0x00000000c3a80000)
  from space 2112K,   0% used [0x00000000c3a80000, 0x00000000c3a80000, 0x00000000c3c90000)
  to   space 2112K,   0% used [0x00000000c3c90000, 0x00000000c3c90000, 0x00000000c3ea0000)
 tenured generation   total 42368K, used 0K [0x00000000d7150000, 0x00000000d9ab0000, 0x0000000100000000)
   the space 42368K,   0% used [0x00000000d7150000, 0x00000000d7150000, 0x00000000d7150200, 0x00000000d9ab0000)
 Metaspace       used 4360K, committed 4544K, reserved 1056768K
  class space    used 497K, committed 576K, reserved 1048576K
}
Event: 1,848 GC heap after
{Heap after GC invocations=1 (full 0):
 def new generation   total 19008K, used 2112K [0x00000000c2a00000, 0x00000000c3ea0000, 0x00000000d7150000)
  eden space 16896K,   0% used [0x00000000c2a00000, 0x00000000c2a00000, 0x00000000c3a80000)
  from space 2112K, 100% used [0x00000000c3c90000, 0x00000000c3ea0000, 0x00000000c3ea0000)
  to   space 2112K,   0% used [0x00000000c3a80000, 0x00000000c3a80000, 0x00000000c3c90000)
 tenured generation   total 42368K, used 414K [0x00000000d7150000, 0x00000000d9ab0000, 0x0000000100000000)
   the space 42368K,   0% used [0x00000000d7150000, 0x00000000d71b7a98, 0x00000000d71b7c00, 0x00000000d9ab0000)
 Metaspace       used 4360K, committed 4544K, reserved 1056768K
  class space    used 497K, committed 576K, reserved 1048576K
}
Event: 2,416 GC heap before
{Heap before GC invocations=1 (full 0):
 def new generation   total 19008K, used 19008K [0x00000000c2a00000, 0x00000000c3ea0000, 0x00000000d7150000)
  eden space 16896K, 100% used [0x00000000c2a00000, 0x00000000c3a80000, 0x00000000c3a80000)
  from space 2112K, 100% used [0x00000000c3c90000, 0x00000000c3ea0000, 0x00000000c3ea0000)
  to   space 2112K,   0% used [0x00000000c3a80000, 0x00000000c3a80000, 0x00000000c3c90000)
 tenured generation   total 42368K, used 414K [0x00000000d7150000, 0x00000000d9ab0000, 0x0000000100000000)
   the space 42368K,   0% used [0x00000000d7150000, 0x00000000d71b7a98, 0x00000000d71b7c00, 0x00000000d9ab0000)
 Metaspace       used 9024K, committed 9280K, reserved 1064960K
  class space    used 1224K, committed 1344K, reserved 1048576K
}
Event: 2,430 GC heap after
{Heap after GC invocations=2 (full 0):
 def new generation   total 19008K, used 2112K [0x00000000c2a00000, 0x00000000c3ea0000, 0x00000000d7150000)
  eden space 16896K,   0% used [0x00000000c2a00000, 0x00000000c2a00000, 0x00000000c3a80000)
  from space 2112K, 100% used [0x00000000c3a80000, 0x00000000c3c90000, 0x00000000c3c90000)
  to   space 2112K,   0% used [0x00000000c3c90000, 0x00000000c3c90000, 0x00000000c3ea0000)
 tenured generation   total 42368K, used 2761K [0x00000000d7150000, 0x00000000d9ab0000, 0x0000000100000000)
   the space 42368K,   6% used [0x00000000d7150000, 0x00000000d7402418, 0x00000000d7402600, 0x00000000d9ab0000)
 Metaspace       used 9024K, committed 9280K, reserved 1064960K
  class space    used 1224K, committed 1344K, reserved 1048576K
}
Event: 3,106 GC heap before
{Heap before GC invocations=2 (full 0):
 def new generation   total 19008K, used 19008K [0x00000000c2a00000, 0x00000000c3ea0000, 0x00000000d7150000)
  eden space 16896K, 100% used [0x00000000c2a00000, 0x00000000c3a80000, 0x00000000c3a80000)
  from space 2112K, 100% used [0x00000000c3a80000, 0x00000000c3c90000, 0x00000000c3c90000)
  to   space 2112K,   0% used [0x00000000c3c90000, 0x00000000c3c90000, 0x00000000c3ea0000)
 tenured generation   total 42368K, used 2761K [0x00000000d7150000, 0x00000000d9ab0000, 0x0000000100000000)
   the space 42368K,   6% used [0x00000000d7150000, 0x00000000d7402418, 0x00000000d7402600, 0x00000000d9ab0000)
 Metaspace       used 11140K, committed 11328K, reserved 1064960K
  class space    used 1566K, committed 1664K, reserved 1048576K
}
Event: 3,115 GC heap after
{Heap after GC invocations=3 (full 0):
 def new generation   total 19008K, used 1433K [0x00000000c2a00000, 0x00000000c3ea0000, 0x00000000d7150000)
  eden space 16896K,   0% used [0x00000000c2a00000, 0x00000000c2a00000, 0x00000000c3a80000)
  from space 2112K,  67% used [0x00000000c3c90000, 0x00000000c3df6770, 0x00000000c3ea0000)
  to   space 2112K,   0% used [0x00000000c3a80000, 0x00000000c3a80000, 0x00000000c3c90000)
 tenured generation   total 42368K, used 13225K [0x00000000d7150000, 0x00000000d9ab0000, 0x0000000100000000)
   the space 42368K,  31% used [0x00000000d7150000, 0x00000000d7e3a5e8, 0x00000000d7e3a600, 0x00000000d9ab0000)
 Metaspace       used 11140K, committed 11328K, reserved 1064960K
  class space    used 1566K, committed 1664K, reserved 1048576K
}
Event: 3,748 GC heap before
{Heap before GC invocations=3 (full 0):
 def new generation   total 19008K, used 14732K [0x00000000c2a00000, 0x00000000c3ea0000, 0x00000000d7150000)
  eden space 16896K,  78% used [0x00000000c2a00000, 0x00000000c36fca38, 0x00000000c3a80000)
  from space 2112K,  67% used [0x00000000c3c90000, 0x00000000c3df6770, 0x00000000c3ea0000)
  to   space 2112K,   0% used [0x00000000c3a80000, 0x00000000c3a80000, 0x00000000c3c90000)
 tenured generation   total 42368K, used 13225K [0x00000000d7150000, 0x00000000d9ab0000, 0x0000000100000000)
   the space 42368K,  31% used [0x00000000d7150000, 0x00000000d7e3a5e8, 0x00000000d7e3a600, 0x00000000d9ab0000)
 Metaspace       used 14047K, committed 14272K, reserved 1064960K
  class space    used 2119K, committed 2240K, reserved 1048576K
}
Event: 3,758 GC heap after
{Heap after GC invocations=4 (full 0):
 def new generation   total 19008K, used 1041K [0x00000000c2a00000, 0x00000000c3ea0000, 0x00000000d7150000)
  eden space 16896K,   0% used [0x00000000c2a00000, 0x00000000c2a00000, 0x00000000c3a80000)
  from space 2112K,  49% used [0x00000000c3a80000, 0x00000000c3b84698, 0x00000000c3c90000)
  to   space 2112K,   0% used [0x00000000c3c90000, 0x00000000c3c90000, 0x00000000c3ea0000)
 tenured generation   total 42368K, used 16414K [0x00000000d7150000, 0x00000000d9ab0000, 0x0000000100000000)
   the space 42368K,  38% used [0x00000000d7150000, 0x00000000d8157980, 0x00000000d8157a00, 0x00000000d9ab0000)
 Metaspace       used 14047K, committed 14272K, reserved 1064960K
  class space    used 2119K, committed 2240K, reserved 1048576K
}
Event: 3,813 GC heap before
{Heap before GC invocations=4 (full 0):
 def new generation   total 19008K, used 9802K [0x00000000c2a00000, 0x00000000c3ea0000, 0x00000000d7150000)
  eden space 16896K,  51% used [0x00000000c2a00000, 0x00000000c328e440, 0x00000000c3a80000)
  from space 2112K,  49% used [0x00000000c3a80000, 0x00000000c3b84698, 0x00000000c3c90000)
  to   space 2112K,   0% used [0x00000000c3c90000, 0x00000000c3c90000, 0x00000000c3ea0000)
 tenured generation   total 42368K, used 16414K [0x00000000d7150000, 0x00000000d9ab0000, 0x0000000100000000)
   the space 42368K,  38% used [0x00000000d7150000, 0x00000000d8157980, 0x00000000d8157a00, 0x00000000d9ab0000)
 Metaspace       used 14101K, committed 14336K, reserved 1064960K
  class space    used 2129K, committed 2240K, reserved 1048576K
}
Event: 3,820 GC heap after
{Heap after GC invocations=5 (full 0):
 def new generation   total 19008K, used 1030K [0x00000000c2a00000, 0x00000000c3ea0000, 0x00000000d7150000)
  eden space 16896K,   0% used [0x00000000c2a00000, 0x00000000c2a00000, 0x00000000c3a80000)
  from space 2112K,  48% used [0x00000000c3c90000, 0x00000000c3d918c8, 0x00000000c3ea0000)
  to   space 2112K,   0% used [0x00000000c3a80000, 0x00000000c3a80000, 0x00000000c3c90000)
 tenured generation   total 42368K, used 24840K [0x00000000d7150000, 0x00000000d9ab0000, 0x0000000100000000)
   the space 42368K,  58% used [0x00000000d7150000, 0x00000000d89920b0, 0x00000000d8992200, 0x00000000d9ab0000)
 Metaspace       used 14101K, committed 14336K, reserved 1064960K
  class space    used 2129K, committed 2240K, reserved 1048576K
}
Event: 7,249 GC heap before
{Heap before GC invocations=5 (full 0):
 def new generation   total 19008K, used 17492K [0x00000000c2a00000, 0x00000000c3ea0000, 0x00000000d7150000)
  eden space 16896K,  97% used [0x00000000c2a00000, 0x00000000c3a13738, 0x00000000c3a80000)
  from space 2112K,  48% used [0x00000000c3c90000, 0x00000000c3d918c8, 0x00000000c3ea0000)
  to   space 2112K,   0% used [0x00000000c3a80000, 0x00000000c3a80000, 0x00000000c3c90000)
 tenured generation   total 42368K, used 24840K [0x00000000d7150000, 0x00000000d9ab0000, 0x0000000100000000)
   the space 42368K,  58% used [0x00000000d7150000, 0x00000000d89920b0, 0x00000000d8992200, 0x00000000d9ab0000)
 Metaspace       used 16426K, committed 16640K, reserved 1064960K
  class space    used 2401K, committed 2496K, reserved 1048576K
}
Event: 7,266 GC heap after
{Heap after GC invocations=6 (full 0):
 def new generation   total 19008K, used 2111K [0x00000000c2a00000, 0x00000000c3ea0000, 0x00000000d7150000)
  eden space 16896K,   0% used [0x00000000c2a00000, 0x00000000c2a00000, 0x00000000c3a80000)
  from space 2112K,  99% used [0x00000000c3a80000, 0x00000000c3c8fff8, 0x00000000c3c90000)
  to   space 2112K,   0% used [0x00000000c3c90000, 0x00000000c3c90000, 0x00000000c3ea0000)
 tenured generation   total 42368K, used 33832K [0x00000000d7150000, 0x00000000d9ab0000, 0x0000000100000000)
   the space 42368K,  79% used [0x00000000d7150000, 0x00000000d925a3d8, 0x00000000d925a400, 0x00000000d9ab0000)
 Metaspace       used 16426K, committed 16640K, reserved 1064960K
  class space    used 2401K, committed 2496K, reserved 1048576K
}
Event: 7,601 GC heap before
{Heap before GC invocations=6 (full 0):
 def new generation   total 19008K, used 19007K [0x00000000c2a00000, 0x00000000c3ea0000, 0x00000000d7150000)
  eden space 16896K, 100% used [0x00000000c2a00000, 0x00000000c3a80000, 0x00000000c3a80000)
  from space 2112K,  99% used [0x00000000c3a80000, 0x00000000c3c8fff8, 0x00000000c3c90000)
  to   space 2112K,   0% used [0x00000000c3c90000, 0x00000000c3c90000, 0x00000000c3ea0000)
 tenured generation   total 42368K, used 33832K [0x00000000d7150000, 0x00000000d9ab0000, 0x0000000100000000)
   the space 42368K,  79% used [0x00000000d7150000, 0x00000000d925a3d8, 0x00000000d925a400, 0x00000000d9ab0000)
 Metaspace       used 17588K, committed 17792K, reserved 1064960K
  class space    used 2602K, committed 2688K, reserved 1048576K
}
Event: 7,611 GC heap after
{Heap after GC invocations=7 (full 0):
 def new generation   total 19008K, used 1861K [0x00000000c2a00000, 0x00000000c3ea0000, 0x00000000d7150000)
  eden space 16896K,   0% used [0x00000000c2a00000, 0x00000000c2a00000, 0x00000000c3a80000)
  from space 2112K,  88% used [0x00000000c3c90000, 0x00000000c3e615d0, 0x00000000c3ea0000)
  to   space 2112K,   0% used [0x00000000c3a80000, 0x00000000c3a80000, 0x00000000c3c90000)
 tenured generation   total 50796K, used 45350K [0x00000000d7150000, 0x00000000da2eb000, 0x0000000100000000)
   the space 50796K,  89% used [0x00000000d7150000, 0x00000000d9d99b78, 0x00000000d9d99c00, 0x00000000da2eb000)
 Metaspace       used 17588K, committed 17792K, reserved 1064960K
  class space    used 2602K, committed 2688K, reserved 1048576K
}
Event: 7,611 GC heap before
{Heap before GC invocations=7 (full 0):
 def new generation   total 19008K, used 1861K [0x00000000c2a00000, 0x00000000c3ea0000, 0x00000000d7150000)
  eden space 16896K,   0% used [0x00000000c2a00000, 0x00000000c2a00000, 0x00000000c3a80000)
  from space 2112K,  88% used [0x00000000c3c90000, 0x00000000c3e615d0, 0x00000000c3ea0000)
  to   space 2112K,   0% used [0x00000000c3a80000, 0x00000000c3a80000, 0x00000000c3c90000)
 tenured generation   total 50796K, used 45350K [0x00000000d7150000, 0x00000000da2eb000, 0x0000000100000000)
   the space 50796K,  89% used [0x00000000d7150000, 0x00000000d9d99b78, 0x00000000d9d99c00, 0x00000000da2eb000)
 Metaspace       used 17588K, committed 17792K, reserved 1064960K
  class space    used 2602K, committed 2688K, reserved 1048576K
}
Event: 7,626 GC heap after
{Heap after GC invocations=7 (full 1):
 def new generation   total 35456K, used 0K [0x00000000c2a00000, 0x00000000c5070000, 0x00000000d7150000)
  eden space 31552K,   0% used [0x00000000c2a00000, 0x00000000c2a00000, 0x00000000c48d0000)
  from space 3904K,   0% used [0x00000000c48d0000, 0x00000000c48d0000, 0x00000000c4ca0000)
  to   space 3904K,   0% used [0x00000000c4ca0000, 0x00000000c4ca0000, 0x00000000c5070000)
 tenured generation   total 78684K, used 47209K [0x00000000d7150000, 0x00000000dbe27000, 0x0000000100000000)
   the space 78684K,  59% used [0x00000000d7150000, 0x00000000d9f6a4f8, 0x00000000d9f6a600, 0x00000000dbe27000)
 Metaspace       used 17588K, committed 17792K, reserved 1064960K
  class space    used 2602K, committed 2688K, reserved 1048576K
}

