# JRE version: OpenJDK Runtime Environment (17.0.2+8) (build 17.0.2+8-86)
# Java VM: OpenJDK 64-Bit Server VM (17.0.2+8-86, mixed mode, sharing, tiered, compressed oops, compressed class ptrs, serial gc, linux-amd64)
GC Precious Log:
 CPUs: 1 total, 1 available
 Memory: 3926M
 Large Page Support: Disabled
 NUMA Support: Disabled
 Compressed Oops: Enabled (32-bit)
 Heap Min Capacity: 8M
 Heap Initial Capacity: 62M
 Heap Max Capacity: 982M
 Pre-touch: Disabled
Heap:
 def new generation   total 35520K, used 14306K [0x00000000c2a00000, 0x00000000c5080000, 0x00000000d7150000)
  eden space 31616K,  32% used [0x00000000c2a00000, 0x00000000c3428ba0, 0x00000000c48e0000)
  from space 3904K, 100% used [0x00000000c4cb0000, 0x00000000c5080000, 0x00000000c5080000)
  to   space 3904K,   0% used [0x00000000c48e0000, 0x00000000c48e0000, 0x00000000c4cb0000)
 tenured generation   total 78692K, used 64565K [0x00000000d7150000, 0x00000000dbe29000, 0x0000000100000000)
   the space 78692K,  82% used [0x00000000d7150000, 0x00000000db05d7d8, 0x00000000db05d800, 0x00000000dbe29000)
 Metaspace       used 19078K, committed 19328K, reserved 1073152K
  class space    used 2691K, committed 2816K, reserved 1048576K
GC Heap History (18 events):
Event: 2,141 GC heap before
{Heap before GC invocations=0 (full 0):
 def new generation   total 19008K, used 16896K [0x00000000c2a00000, 0x00000000c3ea0000, 0x00000000d7150000)
  eden space 16896K, 100% used [0x00000000c2a00000, 0x00000000c3a80000, 0x00000000c3a80000)
  from space 2112K,   0% used [0x00000000c3a80000, 0x00000000c3a80000, 0x00000000c3c90000)
  to   space 2112K,   0% used [0x00000000c3c90000, 0x00000000c3c90000, 0x00000000c3ea0000)
 tenured generation   total 42368K, used 0K [0x00000000d7150000, 0x00000000d9ab0000, 0x0000000100000000)
   the space 42368K,   0% used [0x00000000d7150000, 0x00000000d7150000, 0x00000000d7150200, 0x00000000d9ab0000)
 Metaspace       used 4352K, committed 4544K, reserved 1056768K
  class space    used 495K, committed 576K, reserved 1048576K
}
Event: 2,152 GC heap after
{Heap after GC invocations=1 (full 0):
 def new generation   total 19008K, used 2112K [0x00000000c2a00000, 0x00000000c3ea0000, 0x00000000d7150000)
  eden space 16896K,   0% used [0x00000000c2a00000, 0x00000000c2a00000, 0x00000000c3a80000)
  from space 2112K, 100% used [0x00000000c3c90000, 0x00000000c3ea0000, 0x00000000c3ea0000)
  to   space 2112K,   0% used [0x00000000c3a80000, 0x00000000c3a80000, 0x00000000c3c90000)
 tenured generation   total 42368K, used 426K [0x00000000d7150000, 0x00000000d9ab0000, 0x0000000100000000)
   the space 42368K,   1% used [0x00000000d7150000, 0x00000000d71bab60, 0x00000000d71bac00, 0x00000000d9ab0000)
 Metaspace       used 4352K, committed 4544K, reserved 1056768K
  class space    used 495K, committed 576K, reserved 1048576K
}
Event: 2,729 GC heap before
{Heap before GC invocations=1 (full 0):
 def new generation   total 19008K, used 19008K [0x00000000c2a00000, 0x00000000c3ea0000, 0x00000000d7150000)
  eden space 16896K, 100% used [0x00000000c2a00000, 0x00000000c3a80000, 0x00000000c3a80000)
  from space 2112K, 100% used [0x00000000c3c90000, 0x00000000c3ea0000, 0x00000000c3ea0000)
  to   space 2112K,   0% used [0x00000000c3a80000, 0x00000000c3a80000, 0x00000000c3c90000)
 tenured generation   total 42368K, used 426K [0x00000000d7150000, 0x00000000d9ab0000, 0x0000000100000000)
   the space 42368K,   1% used [0x00000000d7150000, 0x00000000d71bab60, 0x00000000d71bac00, 0x00000000d9ab0000)
 Metaspace       used 9007K, committed 9280K, reserved 1064960K
  class space    used 1223K, committed 1344K, reserved 1048576K
}
Event: 2,737 GC heap after
{Heap after GC invocations=2 (full 0):
 def new generation   total 19008K, used 2111K [0x00000000c2a00000, 0x00000000c3ea0000, 0x00000000d7150000)
  eden space 16896K,   0% used [0x00000000c2a00000, 0x00000000c2a00000, 0x00000000c3a80000)
  from space 2112K,  99% used [0x00000000c3a80000, 0x00000000c3c8fff8, 0x00000000c3c90000)
  to   space 2112K,   0% used [0x00000000c3c90000, 0x00000000c3c90000, 0x00000000c3ea0000)
 tenured generation   total 42368K, used 2766K [0x00000000d7150000, 0x00000000d9ab0000, 0x0000000100000000)
   the space 42368K,   6% used [0x00000000d7150000, 0x00000000d7403968, 0x00000000d7403a00, 0x00000000d9ab0000)
 Metaspace       used 9007K, committed 9280K, reserved 1064960K
  class space    used 1223K, committed 1344K, reserved 1048576K
}
Event: 3,337 GC heap before
{Heap before GC invocations=2 (full 0):
 def new generation   total 19008K, used 19007K [0x00000000c2a00000, 0x00000000c3ea0000, 0x00000000d7150000)
  eden space 16896K, 100% used [0x00000000c2a00000, 0x00000000c3a80000, 0x00000000c3a80000)
  from space 2112K,  99% used [0x00000000c3a80000, 0x00000000c3c8fff8, 0x00000000c3c90000)
  to   space 2112K,   0% used [0x00000000c3c90000, 0x00000000c3c90000, 0x00000000c3ea0000)
 tenured generation   total 42368K, used 2766K [0x00000000d7150000, 0x00000000d9ab0000, 0x0000000100000000)
   the space 42368K,   6% used [0x00000000d7150000, 0x00000000d7403968, 0x00000000d7403a00, 0x00000000d9ab0000)
 Metaspace       used 11134K, committed 11328K, reserved 1064960K
  class space    used 1566K, committed 1664K, reserved 1048576K
}
Event: 3,345 GC heap after
{Heap after GC invocations=3 (full 0):
 def new generation   total 19008K, used 1417K [0x00000000c2a00000, 0x00000000c3ea0000, 0x00000000d7150000)
  eden space 16896K,   0% used [0x00000000c2a00000, 0x00000000c2a00000, 0x00000000c3a80000)
  from space 2112K,  67% used [0x00000000c3c90000, 0x00000000c3df2500, 0x00000000c3ea0000)
  to   space 2112K,   0% used [0x00000000c3a80000, 0x00000000c3a80000, 0x00000000c3c90000)
 tenured generation   total 42368K, used 13230K [0x00000000d7150000, 0x00000000d9ab0000, 0x0000000100000000)
   the space 42368K,  31% used [0x00000000d7150000, 0x00000000d7e3bae0, 0x00000000d7e3bc00, 0x00000000d9ab0000)
 Metaspace       used 11134K, committed 11328K, reserved 1064960K
  class space    used 1566K, committed 1664K, reserved 1048576K
}
Event: 3,889 GC heap before
{Heap before GC invocations=3 (full 0):
 def new generation   total 19008K, used 14585K [0x00000000c2a00000, 0x00000000c3ea0000, 0x00000000d7150000)
  eden space 16896K,  77% used [0x00000000c2a00000, 0x00000000c36dc2f8, 0x00000000c3a80000)
  from space 2112K,  67% used [0x00000000c3c90000, 0x00000000c3df2500, 0x00000000c3ea0000)
  to   space 2112K,   0% used [0x00000000c3a80000, 0x00000000c3a80000, 0x00000000c3c90000)
 tenured generation   total 42368K, used 13230K [0x00000000d7150000, 0x00000000d9ab0000, 0x0000000100000000)
   the space 42368K,  31% used [0x00000000d7150000, 0x00000000d7e3bae0, 0x00000000d7e3bc00, 0x00000000d9ab0000)
 Metaspace       used 14014K, committed 14272K, reserved 1064960K
  class space    used 2119K, committed 2240K, reserved 1048576K
}
Event: 3,895 GC heap after
{Heap after GC invocations=4 (full 0):
 def new generation   total 19008K, used 1042K [0x00000000c2a00000, 0x00000000c3ea0000, 0x00000000d7150000)
  eden space 16896K,   0% used [0x00000000c2a00000, 0x00000000c2a00000, 0x00000000c3a80000)
  from space 2112K,  49% used [0x00000000c3a80000, 0x00000000c3b84848, 0x00000000c3c90000)
  to   space 2112K,   0% used [0x00000000c3c90000, 0x00000000c3c90000, 0x00000000c3ea0000)
 tenured generation   total 42368K, used 16419K [0x00000000d7150000, 0x00000000d9ab0000, 0x0000000100000000)
   the space 42368K,  38% used [0x00000000d7150000, 0x00000000d8158d08, 0x00000000d8158e00, 0x00000000d9ab0000)
 Metaspace       used 14014K, committed 14272K, reserved 1064960K
  class space    used 2119K, committed 2240K, reserved 1048576K
}
Event: 3,944 GC heap before
{Heap before GC invocations=4 (full 0):
 def new generation   total 19008K, used 9803K [0x00000000c2a00000, 0x00000000c3ea0000, 0x00000000d7150000)
  eden space 16896K,  51% used [0x00000000c2a00000, 0x00000000c328e5f0, 0x00000000c3a80000)
  from space 2112K,  49% used [0x00000000c3a80000, 0x00000000c3b84848, 0x00000000c3c90000)
  to   space 2112K,   0% used [0x00000000c3c90000, 0x00000000c3c90000, 0x00000000c3ea0000)
 tenured generation   total 42368K, used 16419K [0x00000000d7150000, 0x00000000d9ab0000, 0x0000000100000000)
   the space 42368K,  38% used [0x00000000d7150000, 0x00000000d8158d08, 0x00000000d8158e00, 0x00000000d9ab0000)
 Metaspace       used 14069K, committed 14272K, reserved 1064960K
  class space    used 2129K, committed 2240K, reserved 1048576K
}
Event: 3,954 GC heap after
{Heap after GC invocations=5 (full 0):
 def new generation   total 19008K, used 1030K [0x00000000c2a00000, 0x00000000c3ea0000, 0x00000000d7150000)
  eden space 16896K,   0% used [0x00000000c2a00000, 0x00000000c2a00000, 0x00000000c3a80000)
  from space 2112K,  48% used [0x00000000c3c90000, 0x00000000c3d91a78, 0x00000000c3ea0000)
  to   space 2112K,   0% used [0x00000000c3a80000, 0x00000000c3a80000, 0x00000000c3c90000)
 tenured generation   total 42368K, used 24845K [0x00000000d7150000, 0x00000000d9ab0000, 0x0000000100000000)
   the space 42368K,  58% used [0x00000000d7150000, 0x00000000d8993438, 0x00000000d8993600, 0x00000000d9ab0000)
 Metaspace       used 14069K, committed 14272K, reserved 1064960K
  class space    used 2129K, committed 2240K, reserved 1048576K
}
Event: 8,440 GC heap before
{Heap before GC invocations=5 (full 0):
 def new generation   total 19008K, used 17354K [0x00000000c2a00000, 0x00000000c3ea0000, 0x00000000d7150000)
  eden space 16896K,  96% used [0x00000000c2a00000, 0x00000000c39f0f30, 0x00000000c3a80000)
  from space 2112K,  48% used [0x00000000c3c90000, 0x00000000c3d91a78, 0x00000000c3ea0000)
  to   space 2112K,   0% used [0x00000000c3a80000, 0x00000000c3a80000, 0x00000000c3c90000)
 tenured generation   total 42368K, used 24845K [0x00000000d7150000, 0x00000000d9ab0000, 0x0000000100000000)
   the space 42368K,  58% used [0x00000000d7150000, 0x00000000d8993438, 0x00000000d8993600, 0x00000000d9ab0000)
 Metaspace       used 16450K, committed 16640K, reserved 1064960K
  class space    used 2401K, committed 2496K, reserved 1048576K
}
Event: 8,449 GC heap after
{Heap after GC invocations=6 (full 0):
 def new generation   total 19008K, used 2112K [0x00000000c2a00000, 0x00000000c3ea0000, 0x00000000d7150000)
  eden space 16896K,   0% used [0x00000000c2a00000, 0x00000000c2a00000, 0x00000000c3a80000)
  from space 2112K, 100% used [0x00000000c3a80000, 0x00000000c3c90000, 0x00000000c3c90000)
  to   space 2112K,   0% used [0x00000000c3c90000, 0x00000000c3c90000, 0x00000000c3ea0000)
 tenured generation   total 42368K, used 33838K [0x00000000d7150000, 0x00000000d9ab0000, 0x0000000100000000)
   the space 42368K,  79% used [0x00000000d7150000, 0x00000000d925ba90, 0x00000000d925bc00, 0x00000000d9ab0000)
 Metaspace       used 16450K, committed 16640K, reserved 1064960K
  class space    used 2401K, committed 2496K, reserved 1048576K
}
Event: 8,726 GC heap before
{Heap before GC invocations=6 (full 0):
 def new generation   total 19008K, used 19008K [0x00000000c2a00000, 0x00000000c3ea0000, 0x00000000d7150000)
  eden space 16896K, 100% used [0x00000000c2a00000, 0x00000000c3a80000, 0x00000000c3a80000)
  from space 2112K, 100% used [0x00000000c3a80000, 0x00000000c3c90000, 0x00000000c3c90000)
  to   space 2112K,   0% used [0x00000000c3c90000, 0x00000000c3c90000, 0x00000000c3ea0000)
 tenured generation   total 42368K, used 33838K [0x00000000d7150000, 0x00000000d9ab0000, 0x0000000100000000)
   the space 42368K,  79% used [0x00000000d7150000, 0x00000000d925ba90, 0x00000000d925bc00, 0x00000000d9ab0000)
 Metaspace       used 17590K, committed 17792K, reserved 1064960K
  class space    used 2602K, committed 2688K, reserved 1048576K
}
Event: 8,743 GC heap after
{Heap after GC invocations=7 (full 0):
 def new generation   total 19008K, used 1861K [0x00000000c2a00000, 0x00000000c3ea0000, 0x00000000d7150000)
  eden space 16896K,   0% used [0x00000000c2a00000, 0x00000000c2a00000, 0x00000000c3a80000)
  from space 2112K,  88% used [0x00000000c3c90000, 0x00000000c3e61418, 0x00000000c3ea0000)
  to   space 2112K,   0% used [0x00000000c3a80000, 0x00000000c3a80000, 0x00000000c3c90000)
 tenured generation   total 50796K, used 45357K [0x00000000d7150000, 0x00000000da2eb000, 0x0000000100000000)
   the space 50796K,  89% used [0x00000000d7150000, 0x00000000d9d9b410, 0x00000000d9d9b600, 0x00000000da2eb000)
 Metaspace       used 17590K, committed 17792K, reserved 1064960K
  class space    used 2602K, committed 2688K, reserved 1048576K
}
Event: 8,743 GC heap before
{Heap before GC invocations=7 (full 0):
 def new generation   total 19008K, used 1861K [0x00000000c2a00000, 0x00000000c3ea0000, 0x00000000d7150000)
  eden space 16896K,   0% used [0x00000000c2a00000, 0x00000000c2a00000, 0x00000000c3a80000)
  from space 2112K,  88% used [0x00000000c3c90000, 0x00000000c3e61418, 0x00000000c3ea0000)
  to   space 2112K,   0% used [0x00000000c3a80000, 0x00000000c3a80000, 0x00000000c3c90000)
 tenured generation   total 50796K, used 45357K [0x00000000d7150000, 0x00000000da2eb000, 0x0000000100000000)
   the space 50796K,  89% used [0x00000000d7150000, 0x00000000d9d9b410, 0x00000000d9d9b600, 0x00000000da2eb000)
 Metaspace       used 17590K, committed 17792K, reserved 1064960K
  class space    used 2602K, committed 2688K, reserved 1048576K
}
Event: 8,759 GC heap after
{Heap after GC invocations=7 (full 1):
 def new generation   total 35520K, used 0K [0x00000000c2a00000, 0x00000000c5080000, 0x00000000d7150000)
  eden space 31616K,   0% used [0x00000000c2a00000, 0x00000000c2a00000, 0x00000000c48e0000)
  from space 3904K,   0% used [0x00000000c48e0000, 0x00000000c48e0000, 0x00000000c4cb0000)
  to   space 3904K,   0% used [0x00000000c4cb0000, 0x00000000c4cb0000, 0x00000000c5080000)
 tenured generation   total 78692K, used 47214K [0x00000000d7150000, 0x00000000dbe29000, 0x0000000100000000)
   the space 78692K,  59% used [0x00000000d7150000, 0x00000000d9f6bbd8, 0x00000000d9f6bc00, 0x00000000dbe29000)
 Metaspace       used 17590K, committed 17792K, reserved 1064960K
  class space    used 2602K, committed 2688K, reserved 1048576K
}
Event: 38,823 GC heap before
{Heap before GC invocations=7 (full 1):
 def new generation   total 35520K, used 29448K [0x00000000c2a00000, 0x00000000c5080000, 0x00000000d7150000)
  eden space 31616K,  93% used [0x00000000c2a00000, 0x00000000c46c21b8, 0x00000000c48e0000)
  from space 3904K,   0% used [0x00000000c48e0000, 0x00000000c48e0000, 0x00000000c4cb0000)
  to   space 3904K,   0% used [0x00000000c4cb0000, 0x00000000c4cb0000, 0x00000000c5080000)
 tenured generation   total 78692K, used 47214K [0x00000000d7150000, 0x00000000dbe29000, 0x0000000100000000)
   the space 78692K,  59% used [0x00000000d7150000, 0x00000000d9f6bbd8, 0x00000000d9f6bc00, 0x00000000dbe29000)
 Metaspace       used 18987K, committed 19200K, reserved 1073152K
  class space    used 2691K, committed 2816K, reserved 1048576K
}
Event: 38,839 GC heap after
{Heap after GC invocations=8 (full 1):
 def new generation   total 35520K, used 3904K [0x00000000c2a00000, 0x00000000c5080000, 0x00000000d7150000)
  eden space 31616K,   0% used [0x00000000c2a00000, 0x00000000c2a00000, 0x00000000c48e0000)
  from space 3904K, 100% used [0x00000000c4cb0000, 0x00000000c5080000, 0x00000000c5080000)
  to   space 3904K,   0% used [0x00000000c48e0000, 0x00000000c48e0000, 0x00000000c4cb0000)
 tenured generation   total 78692K, used 64565K [0x00000000d7150000, 0x00000000dbe29000, 0x0000000100000000)
   the space 78692K,  82% used [0x00000000d7150000, 0x00000000db05d7d8, 0x00000000db05d800, 0x00000000dbe29000)
 Metaspace       used 18987K, committed 19200K, reserved 1073152K
  class space    used 2691K, committed 2816K, reserved 1048576K
}

