# JRE version: OpenJDK Runtime Environment (17.0.2+8) (build 17.0.2+8-86)
# Java VM: OpenJDK 64-Bit Server VM (17.0.2+8-86, mixed mode, sharing, tiered, compressed oops, compressed class ptrs, serial gc, linux-amd64)
GC Precious Log:
 CPUs: 1 total, 1 available
 Memory: 3926M
 Large Page Support: Disabled
 NUMA Support: Disabled
 Compressed Oops: Enabled (32-bit)
 Heap Min Capacity: 8M
 Heap Initial Capacity: 62M
 Heap Max Capacity: 982M
 Pre-touch: Disabled
Heap:
 def new generation   total 19008K, used 17149K [0x00000000c2a00000, 0x00000000c3ea0000, 0x00000000d7150000)
  eden space 16896K,  95% used [0x00000000c2a00000, 0x00000000c39be160, 0x00000000c3a80000)
  from space 2112K,  48% used [0x00000000c3c90000, 0x00000000c3d91510, 0x00000000c3ea0000)
  to   space 2112K,   0% used [0x00000000c3a80000, 0x00000000c3a80000, 0x00000000c3c90000)
 tenured generation   total 42368K, used 24844K [0x00000000d7150000, 0x00000000d9ab0000, 0x0000000100000000)
   the space 42368K,  58% used [0x00000000d7150000, 0x00000000d8993310, 0x00000000d8993400, 0x00000000d9ab0000)
 Metaspace       used 16285K, committed 16512K, reserved 1064960K
  class space    used 2368K, committed 2496K, reserved 1048576K
GC Heap History (10 events):
Event: 2,527 GC heap before
{Heap before GC invocations=0 (full 0):
 def new generation   total 19008K, used 16896K [0x00000000c2a00000, 0x00000000c3ea0000, 0x00000000d7150000)
  eden space 16896K, 100% used [0x00000000c2a00000, 0x00000000c3a80000, 0x00000000c3a80000)
  from space 2112K,   0% used [0x00000000c3a80000, 0x00000000c3a80000, 0x00000000c3c90000)
  to   space 2112K,   0% used [0x00000000c3c90000, 0x00000000c3c90000, 0x00000000c3ea0000)
 tenured generation   total 42368K, used 0K [0x00000000d7150000, 0x00000000d9ab0000, 0x0000000100000000)
   the space 42368K,   0% used [0x00000000d7150000, 0x00000000d7150000, 0x00000000d7150200, 0x00000000d9ab0000)
 Metaspace       used 4372K, committed 4544K, reserved 1056768K
  class space    used 497K, committed 576K, reserved 1048576K
}
Event: 2,542 GC heap after
{Heap after GC invocations=1 (full 0):
 def new generation   total 19008K, used 2111K [0x00000000c2a00000, 0x00000000c3ea0000, 0x00000000d7150000)
  eden space 16896K,   0% used [0x00000000c2a00000, 0x00000000c2a00000, 0x00000000c3a80000)
  from space 2112K,  99% used [0x00000000c3c90000, 0x00000000c3e9fff8, 0x00000000c3ea0000)
  to   space 2112K,   0% used [0x00000000c3a80000, 0x00000000c3a80000, 0x00000000c3c90000)
 tenured generation   total 42368K, used 418K [0x00000000d7150000, 0x00000000d9ab0000, 0x0000000100000000)
   the space 42368K,   0% used [0x00000000d7150000, 0x00000000d71b8af8, 0x00000000d71b8c00, 0x00000000d9ab0000)
 Metaspace       used 4372K, committed 4544K, reserved 1056768K
  class space    used 497K, committed 576K, reserved 1048576K
}
Event: 3,405 GC heap before
{Heap before GC invocations=1 (full 0):
 def new generation   total 19008K, used 18763K [0x00000000c2a00000, 0x00000000c3ea0000, 0x00000000d7150000)
  eden space 16896K,  98% used [0x00000000c2a00000, 0x00000000c3a42f48, 0x00000000c3a80000)
  from space 2112K,  99% used [0x00000000c3c90000, 0x00000000c3e9fff8, 0x00000000c3ea0000)
  to   space 2112K,   0% used [0x00000000c3a80000, 0x00000000c3a80000, 0x00000000c3c90000)
 tenured generation   total 42368K, used 418K [0x00000000d7150000, 0x00000000d9ab0000, 0x0000000100000000)
   the space 42368K,   0% used [0x00000000d7150000, 0x00000000d71b8af8, 0x00000000d71b8c00, 0x00000000d9ab0000)
 Metaspace       used 9031K, committed 9280K, reserved 1064960K
  class space    used 1224K, committed 1344K, reserved 1048576K
}
Event: 3,412 GC heap after
{Heap after GC invocations=2 (full 0):
 def new generation   total 19008K, used 2111K [0x00000000c2a00000, 0x00000000c3ea0000, 0x00000000d7150000)
  eden space 16896K,   0% used [0x00000000c2a00000, 0x00000000c2a00000, 0x00000000c3a80000)
  from space 2112K,  99% used [0x00000000c3a80000, 0x00000000c3c8fff8, 0x00000000c3c90000)
  to   space 2112K,   0% used [0x00000000c3c90000, 0x00000000c3c90000, 0x00000000c3ea0000)
 tenured generation   total 42368K, used 2766K [0x00000000d7150000, 0x00000000d9ab0000, 0x0000000100000000)
   the space 42368K,   6% used [0x00000000d7150000, 0x00000000d7403910, 0x00000000d7403a00, 0x00000000d9ab0000)
 Metaspace       used 9031K, committed 9280K, reserved 1064960K
  class space    used 1224K, committed 1344K, reserved 1048576K
}
Event: 3,850 GC heap before
{Heap before GC invocations=2 (full 0):
 def new generation   total 19008K, used 19007K [0x00000000c2a00000, 0x00000000c3ea0000, 0x00000000d7150000)
  eden space 16896K, 100% used [0x00000000c2a00000, 0x00000000c3a80000, 0x00000000c3a80000)
  from space 2112K,  99% used [0x00000000c3a80000, 0x00000000c3c8fff8, 0x00000000c3c90000)
  to   space 2112K,   0% used [0x00000000c3c90000, 0x00000000c3c90000, 0x00000000c3ea0000)
 tenured generation   total 42368K, used 2766K [0x00000000d7150000, 0x00000000d9ab0000, 0x0000000100000000)
   the space 42368K,   6% used [0x00000000d7150000, 0x00000000d7403910, 0x00000000d7403a00, 0x00000000d9ab0000)
 Metaspace       used 11132K, committed 11328K, reserved 1064960K
  class space    used 1566K, committed 1664K, reserved 1048576K
}
Event: 3,860 GC heap after
{Heap after GC invocations=3 (full 0):
 def new generation   total 19008K, used 1433K [0x00000000c2a00000, 0x00000000c3ea0000, 0x00000000d7150000)
  eden space 16896K,   0% used [0x00000000c2a00000, 0x00000000c2a00000, 0x00000000c3a80000)
  from space 2112K,  67% used [0x00000000c3c90000, 0x00000000c3df6460, 0x00000000c3ea0000)
  to   space 2112K,   0% used [0x00000000c3a80000, 0x00000000c3a80000, 0x00000000c3c90000)
 tenured generation   total 42368K, used 13230K [0x00000000d7150000, 0x00000000d9ab0000, 0x0000000100000000)
   the space 42368K,  31% used [0x00000000d7150000, 0x00000000d7e3bad8, 0x00000000d7e3bc00, 0x00000000d9ab0000)
 Metaspace       used 11132K, committed 11328K, reserved 1064960K
  class space    used 1566K, committed 1664K, reserved 1048576K
}
Event: 4,383 GC heap before
{Heap before GC invocations=3 (full 0):
 def new generation   total 19008K, used 14728K [0x00000000c2a00000, 0x00000000c3ea0000, 0x00000000d7150000)
  eden space 16896K,  78% used [0x00000000c2a00000, 0x00000000c36fbdb8, 0x00000000c3a80000)
  from space 2112K,  67% used [0x00000000c3c90000, 0x00000000c3df6460, 0x00000000c3ea0000)
  to   space 2112K,   0% used [0x00000000c3a80000, 0x00000000c3a80000, 0x00000000c3c90000)
 tenured generation   total 42368K, used 13230K [0x00000000d7150000, 0x00000000d9ab0000, 0x0000000100000000)
   the space 42368K,  31% used [0x00000000d7150000, 0x00000000d7e3bad8, 0x00000000d7e3bc00, 0x00000000d9ab0000)
 Metaspace       used 14040K, committed 14272K, reserved 1064960K
  class space    used 2119K, committed 2240K, reserved 1048576K
}
Event: 4,392 GC heap after
{Heap after GC invocations=4 (full 0):
 def new generation   total 19008K, used 1040K [0x00000000c2a00000, 0x00000000c3ea0000, 0x00000000d7150000)
  eden space 16896K,   0% used [0x00000000c2a00000, 0x00000000c2a00000, 0x00000000c3a80000)
  from space 2112K,  49% used [0x00000000c3a80000, 0x00000000c3b84320, 0x00000000c3c90000)
  to   space 2112K,   0% used [0x00000000c3c90000, 0x00000000c3c90000, 0x00000000c3ea0000)
 tenured generation   total 42368K, used 16418K [0x00000000d7150000, 0x00000000d9ab0000, 0x0000000100000000)
   the space 42368K,  38% used [0x00000000d7150000, 0x00000000d8158be0, 0x00000000d8158c00, 0x00000000d9ab0000)
 Metaspace       used 14040K, committed 14272K, reserved 1064960K
  class space    used 2119K, committed 2240K, reserved 1048576K
}
Event: 4,435 GC heap before
{Heap before GC invocations=4 (full 0):
 def new generation   total 19008K, used 9755K [0x00000000c2a00000, 0x00000000c3ea0000, 0x00000000d7150000)
  eden space 16896K,  51% used [0x00000000c2a00000, 0x00000000c3282a88, 0x00000000c3a80000)
  from space 2112K,  49% used [0x00000000c3a80000, 0x00000000c3b84320, 0x00000000c3c90000)
  to   space 2112K,   0% used [0x00000000c3c90000, 0x00000000c3c90000, 0x00000000c3ea0000)
 tenured generation   total 42368K, used 16418K [0x00000000d7150000, 0x00000000d9ab0000, 0x0000000100000000)
   the space 42368K,  38% used [0x00000000d7150000, 0x00000000d8158be0, 0x00000000d8158c00, 0x00000000d9ab0000)
 Metaspace       used 14094K, committed 14272K, reserved 1064960K
  class space    used 2129K, committed 2240K, reserved 1048576K
}
Event: 4,441 GC heap after
{Heap after GC invocations=5 (full 0):
 def new generation   total 19008K, used 1029K [0x00000000c2a00000, 0x00000000c3ea0000, 0x00000000d7150000)
  eden space 16896K,   0% used [0x00000000c2a00000, 0x00000000c2a00000, 0x00000000c3a80000)
  from space 2112K,  48% used [0x00000000c3c90000, 0x00000000c3d91510, 0x00000000c3ea0000)
  to   space 2112K,   0% used [0x00000000c3a80000, 0x00000000c3a80000, 0x00000000c3c90000)
 tenured generation   total 42368K, used 24844K [0x00000000d7150000, 0x00000000d9ab0000, 0x0000000100000000)
   the space 42368K,  58% used [0x00000000d7150000, 0x00000000d8993310, 0x00000000d8993400, 0x00000000d9ab0000)
 Metaspace       used 14094K, committed 14272K, reserved 1064960K
  class space    used 2129K, committed 2240K, reserved 1048576K
}

