# JRE version: OpenJDK Runtime Environment (17.0.2+8) (build 17.0.2+8-86)
# Java VM: OpenJDK 64-Bit Server VM (17.0.2+8-86, mixed mode, sharing, tiered, compressed oops, compressed class ptrs, serial gc, linux-amd64)
GC Precious Log:
 CPUs: 1 total, 1 available
 Memory: 3926M
 Large Page Support: Disabled
 NUMA Support: Disabled
 Compressed Oops: Enabled (32-bit)
 Heap Min Capacity: 8M
 Heap Initial Capacity: 62M
 Heap Max Capacity: 982M
 Pre-touch: Disabled
Heap:
 def new generation   total 33920K, used 22316K [0x00000000c2a00000, 0x00000000c4ec0000, 0x00000000d7150000)
  eden space 30208K,  61% used [0x00000000c2a00000, 0x00000000c3c2b1a0, 0x00000000c4780000)
  from space 3712K, 100% used [0x00000000c4b20000, 0x00000000c4ec0000, 0x00000000c4ec0000)
  to   space 3712K,   0% used [0x00000000c4780000, 0x00000000c4780000, 0x00000000c4b20000)
 tenured generation   total 75136K, used 55181K [0x00000000d7150000, 0x00000000dbab0000, 0x0000000100000000)
   the space 75136K,  73% used [0x00000000d7150000, 0x00000000da733608, 0x00000000da733800, 0x00000000dbab0000)
 Metaspace       used 19666K, committed 19904K, reserved 1073152K
  class space    used 2697K, committed 2816K, reserved 1048576K
GC Heap History (18 events):
Event: 1,930 GC heap before
{Heap before GC invocations=0 (full 0):
 def new generation   total 19008K, used 16896K [0x00000000c2a00000, 0x00000000c3ea0000, 0x00000000d7150000)
  eden space 16896K, 100% used [0x00000000c2a00000, 0x00000000c3a80000, 0x00000000c3a80000)
  from space 2112K,   0% used [0x00000000c3a80000, 0x00000000c3a80000, 0x00000000c3c90000)
  to   space 2112K,   0% used [0x00000000c3c90000, 0x00000000c3c90000, 0x00000000c3ea0000)
 tenured generation   total 42368K, used 0K [0x00000000d7150000, 0x00000000d9ab0000, 0x0000000100000000)
   the space 42368K,   0% used [0x00000000d7150000, 0x00000000d7150000, 0x00000000d7150200, 0x00000000d9ab0000)
 Metaspace       used 4365K, committed 4544K, reserved 1056768K
  class space    used 496K, committed 576K, reserved 1048576K
}
Event: 1,934 GC heap after
{Heap after GC invocations=1 (full 0):
 def new generation   total 19008K, used 2112K [0x00000000c2a00000, 0x00000000c3ea0000, 0x00000000d7150000)
  eden space 16896K,   0% used [0x00000000c2a00000, 0x00000000c2a00000, 0x00000000c3a80000)
  from space 2112K, 100% used [0x00000000c3c90000, 0x00000000c3ea0000, 0x00000000c3ea0000)
  to   space 2112K,   0% used [0x00000000c3a80000, 0x00000000c3a80000, 0x00000000c3c90000)
 tenured generation   total 42368K, used 416K [0x00000000d7150000, 0x00000000d9ab0000, 0x0000000100000000)
   the space 42368K,   0% used [0x00000000d7150000, 0x00000000d71b8058, 0x00000000d71b8200, 0x00000000d9ab0000)
 Metaspace       used 4365K, committed 4544K, reserved 1056768K
  class space    used 496K, committed 576K, reserved 1048576K
}
Event: 2,561 GC heap before
{Heap before GC invocations=1 (full 0):
 def new generation   total 19008K, used 18764K [0x00000000c2a00000, 0x00000000c3ea0000, 0x00000000d7150000)
  eden space 16896K,  98% used [0x00000000c2a00000, 0x00000000c3a43210, 0x00000000c3a80000)
  from space 2112K, 100% used [0x00000000c3c90000, 0x00000000c3ea0000, 0x00000000c3ea0000)
  to   space 2112K,   0% used [0x00000000c3a80000, 0x00000000c3a80000, 0x00000000c3c90000)
 tenured generation   total 42368K, used 416K [0x00000000d7150000, 0x00000000d9ab0000, 0x0000000100000000)
   the space 42368K,   0% used [0x00000000d7150000, 0x00000000d71b8058, 0x00000000d71b8200, 0x00000000d9ab0000)
 Metaspace       used 9027K, committed 9280K, reserved 1064960K
  class space    used 1223K, committed 1344K, reserved 1048576K
}
Event: 2,570 GC heap after
{Heap after GC invocations=2 (full 0):
 def new generation   total 19008K, used 2111K [0x00000000c2a00000, 0x00000000c3ea0000, 0x00000000d7150000)
  eden space 16896K,   0% used [0x00000000c2a00000, 0x00000000c2a00000, 0x00000000c3a80000)
  from space 2112K,  99% used [0x00000000c3a80000, 0x00000000c3c8fff8, 0x00000000c3c90000)
  to   space 2112K,   0% used [0x00000000c3c90000, 0x00000000c3c90000, 0x00000000c3ea0000)
 tenured generation   total 42368K, used 2761K [0x00000000d7150000, 0x00000000d9ab0000, 0x0000000100000000)
   the space 42368K,   6% used [0x00000000d7150000, 0x00000000d74026f8, 0x00000000d7402800, 0x00000000d9ab0000)
 Metaspace       used 9027K, committed 9280K, reserved 1064960K
  class space    used 1223K, committed 1344K, reserved 1048576K
}
Event: 3,166 GC heap before
{Heap before GC invocations=2 (full 0):
 def new generation   total 19008K, used 19007K [0x00000000c2a00000, 0x00000000c3ea0000, 0x00000000d7150000)
  eden space 16896K, 100% used [0x00000000c2a00000, 0x00000000c3a80000, 0x00000000c3a80000)
  from space 2112K,  99% used [0x00000000c3a80000, 0x00000000c3c8fff8, 0x00000000c3c90000)
  to   space 2112K,   0% used [0x00000000c3c90000, 0x00000000c3c90000, 0x00000000c3ea0000)
 tenured generation   total 42368K, used 2761K [0x00000000d7150000, 0x00000000d9ab0000, 0x0000000100000000)
   the space 42368K,   6% used [0x00000000d7150000, 0x00000000d74026f8, 0x00000000d7402800, 0x00000000d9ab0000)
 Metaspace       used 11137K, committed 11328K, reserved 1064960K
  class space    used 1566K, committed 1664K, reserved 1048576K
}
Event: 3,174 GC heap after
{Heap after GC invocations=3 (full 0):
 def new generation   total 19008K, used 1434K [0x00000000c2a00000, 0x00000000c3ea0000, 0x00000000d7150000)
  eden space 16896K,   0% used [0x00000000c2a00000, 0x00000000c2a00000, 0x00000000c3a80000)
  from space 2112K,  67% used [0x00000000c3c90000, 0x00000000c3df6b98, 0x00000000c3ea0000)
  to   space 2112K,   0% used [0x00000000c3a80000, 0x00000000c3a80000, 0x00000000c3c90000)
 tenured generation   total 42368K, used 13226K [0x00000000d7150000, 0x00000000d9ab0000, 0x0000000100000000)
   the space 42368K,  31% used [0x00000000d7150000, 0x00000000d7e3a8c0, 0x00000000d7e3aa00, 0x00000000d9ab0000)
 Metaspace       used 11137K, committed 11328K, reserved 1064960K
  class space    used 1566K, committed 1664K, reserved 1048576K
}
Event: 3,615 GC heap before
{Heap before GC invocations=3 (full 0):
 def new generation   total 19008K, used 14691K [0x00000000c2a00000, 0x00000000c3ea0000, 0x00000000d7150000)
  eden space 16896K,  78% used [0x00000000c2a00000, 0x00000000c36f2318, 0x00000000c3a80000)
  from space 2112K,  67% used [0x00000000c3c90000, 0x00000000c3df6b98, 0x00000000c3ea0000)
  to   space 2112K,   0% used [0x00000000c3a80000, 0x00000000c3a80000, 0x00000000c3c90000)
 tenured generation   total 42368K, used 13226K [0x00000000d7150000, 0x00000000d9ab0000, 0x0000000100000000)
   the space 42368K,  31% used [0x00000000d7150000, 0x00000000d7e3a8c0, 0x00000000d7e3aa00, 0x00000000d9ab0000)
 Metaspace       used 14029K, committed 14272K, reserved 1064960K
  class space    used 2118K, committed 2240K, reserved 1048576K
}
Event: 3,620 GC heap after
{Heap after GC invocations=4 (full 0):
 def new generation   total 19008K, used 1039K [0x00000000c2a00000, 0x00000000c3ea0000, 0x00000000d7150000)
  eden space 16896K,   0% used [0x00000000c2a00000, 0x00000000c2a00000, 0x00000000c3a80000)
  from space 2112K,  49% used [0x00000000c3a80000, 0x00000000c3b83e00, 0x00000000c3c90000)
  to   space 2112K,   0% used [0x00000000c3c90000, 0x00000000c3c90000, 0x00000000c3ea0000)
 tenured generation   total 42368K, used 16416K [0x00000000d7150000, 0x00000000d9ab0000, 0x0000000100000000)
   the space 42368K,  38% used [0x00000000d7150000, 0x00000000d8158080, 0x00000000d8158200, 0x00000000d9ab0000)
 Metaspace       used 14029K, committed 14272K, reserved 1064960K
  class space    used 2118K, committed 2240K, reserved 1048576K
}
Event: 3,654 GC heap before
{Heap before GC invocations=4 (full 0):
 def new generation   total 19008K, used 9800K [0x00000000c2a00000, 0x00000000c3ea0000, 0x00000000d7150000)
  eden space 16896K,  51% used [0x00000000c2a00000, 0x00000000c328e4d0, 0x00000000c3a80000)
  from space 2112K,  49% used [0x00000000c3a80000, 0x00000000c3b83e00, 0x00000000c3c90000)
  to   space 2112K,   0% used [0x00000000c3c90000, 0x00000000c3c90000, 0x00000000c3ea0000)
 tenured generation   total 42368K, used 16416K [0x00000000d7150000, 0x00000000d9ab0000, 0x0000000100000000)
   the space 42368K,  38% used [0x00000000d7150000, 0x00000000d8158080, 0x00000000d8158200, 0x00000000d9ab0000)
 Metaspace       used 14082K, committed 14272K, reserved 1064960K
  class space    used 2128K, committed 2240K, reserved 1048576K
}
Event: 3,664 GC heap after
{Heap after GC invocations=5 (full 0):
 def new generation   total 19008K, used 1028K [0x00000000c2a00000, 0x00000000c3ea0000, 0x00000000d7150000)
  eden space 16896K,   0% used [0x00000000c2a00000, 0x00000000c2a00000, 0x00000000c3a80000)
  from space 2112K,  48% used [0x00000000c3c90000, 0x00000000c3d91030, 0x00000000c3ea0000)
  to   space 2112K,   0% used [0x00000000c3a80000, 0x00000000c3a80000, 0x00000000c3c90000)
 tenured generation   total 42368K, used 24841K [0x00000000d7150000, 0x00000000d9ab0000, 0x0000000100000000)
   the space 42368K,  58% used [0x00000000d7150000, 0x00000000d89927b0, 0x00000000d8992800, 0x00000000d9ab0000)
 Metaspace       used 14082K, committed 14272K, reserved 1064960K
  class space    used 2128K, committed 2240K, reserved 1048576K
}
Event: 26,565 GC heap before
{Heap before GC invocations=5 (full 0):
 def new generation   total 19008K, used 17924K [0x00000000c2a00000, 0x00000000c3ea0000, 0x00000000d7150000)
  eden space 16896K, 100% used [0x00000000c2a00000, 0x00000000c3a80000, 0x00000000c3a80000)
  from space 2112K,  48% used [0x00000000c3c90000, 0x00000000c3d91030, 0x00000000c3ea0000)
  to   space 2112K,   0% used [0x00000000c3a80000, 0x00000000c3a80000, 0x00000000c3c90000)
 tenured generation   total 42368K, used 24841K [0x00000000d7150000, 0x00000000d9ab0000, 0x0000000100000000)
   the space 42368K,  58% used [0x00000000d7150000, 0x00000000d89927b0, 0x00000000d8992800, 0x00000000d9ab0000)
 Metaspace       used 16279K, committed 16576K, reserved 1064960K
  class space    used 2350K, committed 2496K, reserved 1048576K
}
Event: 26,576 GC heap after
{Heap after GC invocations=6 (full 0):
 def new generation   total 19008K, used 2112K [0x00000000c2a00000, 0x00000000c3ea0000, 0x00000000d7150000)
  eden space 16896K,   0% used [0x00000000c2a00000, 0x00000000c2a00000, 0x00000000c3a80000)
  from space 2112K, 100% used [0x00000000c3a80000, 0x00000000c3c90000, 0x00000000c3c90000)
  to   space 2112K,   0% used [0x00000000c3c90000, 0x00000000c3c90000, 0x00000000c3ea0000)
 tenured generation   total 42368K, used 33385K [0x00000000d7150000, 0x00000000d9ab0000, 0x0000000100000000)
   the space 42368K,  78% used [0x00000000d7150000, 0x00000000d91ea618, 0x00000000d91ea800, 0x00000000d9ab0000)
 Metaspace       used 16279K, committed 16576K, reserved 1064960K
  class space    used 2350K, committed 2496K, reserved 1048576K
}
Event: 26,877 GC heap before
{Heap before GC invocations=6 (full 0):
 def new generation   total 19008K, used 19008K [0x00000000c2a00000, 0x00000000c3ea0000, 0x00000000d7150000)
  eden space 16896K, 100% used [0x00000000c2a00000, 0x00000000c3a80000, 0x00000000c3a80000)
  from space 2112K, 100% used [0x00000000c3a80000, 0x00000000c3c90000, 0x00000000c3c90000)
  to   space 2112K,   0% used [0x00000000c3c90000, 0x00000000c3c90000, 0x00000000c3ea0000)
 tenured generation   total 42368K, used 33385K [0x00000000d7150000, 0x00000000d9ab0000, 0x0000000100000000)
   the space 42368K,  78% used [0x00000000d7150000, 0x00000000d91ea618, 0x00000000d91ea800, 0x00000000d9ab0000)
 Metaspace       used 17698K, committed 17920K, reserved 1064960K
  class space    used 2576K, committed 2688K, reserved 1048576K
}
Event: 26,890 GC heap after
{Heap after GC invocations=7 (full 0):
 def new generation   total 19008K, used 2112K [0x00000000c2a00000, 0x00000000c3ea0000, 0x00000000d7150000)
  eden space 16896K,   0% used [0x00000000c2a00000, 0x00000000c2a00000, 0x00000000c3a80000)
  from space 2112K, 100% used [0x00000000c3c90000, 0x00000000c3ea0000, 0x00000000c3ea0000)
  to   space 2112K,   0% used [0x00000000c3a80000, 0x00000000c3a80000, 0x00000000c3c90000)
 tenured generation   total 45080K, used 44903K [0x00000000d7150000, 0x00000000d9d56000, 0x0000000100000000)
   the space 45080K,  99% used [0x00000000d7150000, 0x00000000d9d29e40, 0x00000000d9d2a000, 0x00000000d9d56000)
 Metaspace       used 17698K, committed 17920K, reserved 1064960K
  class space    used 2576K, committed 2688K, reserved 1048576K
}
Event: 26,890 GC heap before
{Heap before GC invocations=7 (full 0):
 def new generation   total 19008K, used 2112K [0x00000000c2a00000, 0x00000000c3ea0000, 0x00000000d7150000)
  eden space 16896K,   0% used [0x00000000c2a00000, 0x00000000c2a00000, 0x00000000c3a80000)
  from space 2112K, 100% used [0x00000000c3c90000, 0x00000000c3ea0000, 0x00000000c3ea0000)
  to   space 2112K,   0% used [0x00000000c3a80000, 0x00000000c3a80000, 0x00000000c3c90000)
 tenured generation   total 45080K, used 44903K [0x00000000d7150000, 0x00000000d9d56000, 0x0000000100000000)
   the space 45080K,  99% used [0x00000000d7150000, 0x00000000d9d29e40, 0x00000000d9d2a000, 0x00000000d9d56000)
 Metaspace       used 17698K, committed 17920K, reserved 1064960K
  class space    used 2576K, committed 2688K, reserved 1048576K
}
Event: 26,907 GC heap after
{Heap after GC invocations=7 (full 1):
 def new generation   total 33920K, used 1935K [0x00000000c2a00000, 0x00000000c4ec0000, 0x00000000d7150000)
  eden space 30208K,   6% used [0x00000000c2a00000, 0x00000000c2be3e30, 0x00000000c4780000)
  from space 3712K,   0% used [0x00000000c4780000, 0x00000000c4780000, 0x00000000c4b20000)
  to   space 3712K,   0% used [0x00000000c4b20000, 0x00000000c4b20000, 0x00000000c4ec0000)
 tenured generation   total 75136K, used 45079K [0x00000000d7150000, 0x00000000dbab0000, 0x0000000100000000)
   the space 75136K,  59% used [0x00000000d7150000, 0x00000000d9d55ff0, 0x00000000d9d56000, 0x00000000dbab0000)
 Metaspace       used 17696K, committed 17920K, reserved 1064960K
  class space    used 2576K, committed 2688K, reserved 1048576K
}
Event: 36,356 GC heap before
{Heap before GC invocations=7 (full 1):
 def new generation   total 33920K, used 30208K [0x00000000c2a00000, 0x00000000c4ec0000, 0x00000000d7150000)
  eden space 30208K, 100% used [0x00000000c2a00000, 0x00000000c4780000, 0x00000000c4780000)
  from space 3712K,   0% used [0x00000000c4780000, 0x00000000c4780000, 0x00000000c4b20000)
  to   space 3712K,   0% used [0x00000000c4b20000, 0x00000000c4b20000, 0x00000000c4ec0000)
 tenured generation   total 75136K, used 45079K [0x00000000d7150000, 0x00000000dbab0000, 0x0000000100000000)
   the space 75136K,  59% used [0x00000000d7150000, 0x00000000d9d55ff0, 0x00000000d9d56000, 0x00000000dbab0000)
 Metaspace       used 19439K, committed 19648K, reserved 1073152K
  class space    used 2695K, committed 2816K, reserved 1048576K
}
Event: 36,385 GC heap after
{Heap after GC invocations=8 (full 1):
 def new generation   total 33920K, used 3712K [0x00000000c2a00000, 0x00000000c4ec0000, 0x00000000d7150000)
  eden space 30208K,   0% used [0x00000000c2a00000, 0x00000000c2a00000, 0x00000000c4780000)
  from space 3712K, 100% used [0x00000000c4b20000, 0x00000000c4ec0000, 0x00000000c4ec0000)
  to   space 3712K,   0% used [0x00000000c4780000, 0x00000000c4780000, 0x00000000c4b20000)
 tenured generation   total 75136K, used 55181K [0x00000000d7150000, 0x00000000dbab0000, 0x0000000100000000)
   the space 75136K,  73% used [0x00000000d7150000, 0x00000000da733608, 0x00000000da733800, 0x00000000dbab0000)
 Metaspace       used 19439K, committed 19648K, reserved 1073152K
  class space    used 2695K, committed 2816K, reserved 1048576K
}

