# JRE version: OpenJDK Runtime Environment (17.0.2+8) (build 17.0.2+8-86)
# Java VM: OpenJDK 64-Bit Server VM (17.0.2+8-86, mixed mode, sharing, tiered, compressed oops, compressed class ptrs, serial gc, linux-amd64)
GC Precious Log:
 CPUs: 1 total, 1 available
 Memory: 3926M
 Large Page Support: Disabled
 NUMA Support: Disabled
 Compressed Oops: Enabled (32-bit)
 Heap Min Capacity: 8M
 Heap Initial Capacity: 62M
 Heap Max Capacity: 982M
 Pre-touch: Disabled
Heap:
 def new generation   total 19008K, used 16915K [0x00000000c2a00000, 0x00000000c3ea0000, 0x00000000d7150000)
  eden space 16896K,  94% used [0x00000000c2a00000, 0x00000000c3983b08, 0x00000000c3a80000)
  from space 2112K,  48% used [0x00000000c3c90000, 0x00000000c3d911d8, 0x00000000c3ea0000)
  to   space 2112K,   0% used [0x00000000c3a80000, 0x00000000c3a80000, 0x00000000c3c90000)
 tenured generation   total 42368K, used 24840K [0x00000000d7150000, 0x00000000d9ab0000, 0x0000000100000000)
   the space 42368K,  58% used [0x00000000d7150000, 0x00000000d89920d0, 0x00000000d8992200, 0x00000000d9ab0000)
 Metaspace       used 16111K, committed 16384K, reserved 1064960K
  class space    used 2361K, committed 2496K, reserved 1048576K
GC Heap History (10 events):
Event: 1,762 GC heap before
{Heap before GC invocations=0 (full 0):
 def new generation   total 19008K, used 16896K [0x00000000c2a00000, 0x00000000c3ea0000, 0x00000000d7150000)
  eden space 16896K, 100% used [0x00000000c2a00000, 0x00000000c3a80000, 0x00000000c3a80000)
  from space 2112K,   0% used [0x00000000c3a80000, 0x00000000c3a80000, 0x00000000c3c90000)
  to   space 2112K,   0% used [0x00000000c3c90000, 0x00000000c3c90000, 0x00000000c3ea0000)
 tenured generation   total 42368K, used 0K [0x00000000d7150000, 0x00000000d9ab0000, 0x0000000100000000)
   the space 42368K,   0% used [0x00000000d7150000, 0x00000000d7150000, 0x00000000d7150200, 0x00000000d9ab0000)
 Metaspace       used 4360K, committed 4544K, reserved 1056768K
  class space    used 497K, committed 576K, reserved 1048576K
}
Event: 1,772 GC heap after
{Heap after GC invocations=1 (full 0):
 def new generation   total 19008K, used 2111K [0x00000000c2a00000, 0x00000000c3ea0000, 0x00000000d7150000)
  eden space 16896K,   0% used [0x00000000c2a00000, 0x00000000c2a00000, 0x00000000c3a80000)
  from space 2112K,  99% used [0x00000000c3c90000, 0x00000000c3e9fff8, 0x00000000c3ea0000)
  to   space 2112K,   0% used [0x00000000c3a80000, 0x00000000c3a80000, 0x00000000c3c90000)
 tenured generation   total 42368K, used 414K [0x00000000d7150000, 0x00000000d9ab0000, 0x0000000100000000)
   the space 42368K,   0% used [0x00000000d7150000, 0x00000000d71b7bd0, 0x00000000d71b7c00, 0x00000000d9ab0000)
 Metaspace       used 4360K, committed 4544K, reserved 1056768K
  class space    used 497K, committed 576K, reserved 1048576K
}
Event: 2,356 GC heap before
{Heap before GC invocations=1 (full 0):
 def new generation   total 19008K, used 19007K [0x00000000c2a00000, 0x00000000c3ea0000, 0x00000000d7150000)
  eden space 16896K, 100% used [0x00000000c2a00000, 0x00000000c3a80000, 0x00000000c3a80000)
  from space 2112K,  99% used [0x00000000c3c90000, 0x00000000c3e9fff8, 0x00000000c3ea0000)
  to   space 2112K,   0% used [0x00000000c3a80000, 0x00000000c3a80000, 0x00000000c3c90000)
 tenured generation   total 42368K, used 414K [0x00000000d7150000, 0x00000000d9ab0000, 0x0000000100000000)
   the space 42368K,   0% used [0x00000000d7150000, 0x00000000d71b7bd0, 0x00000000d71b7c00, 0x00000000d9ab0000)
 Metaspace       used 9018K, committed 9280K, reserved 1064960K
  class space    used 1224K, committed 1344K, reserved 1048576K
}
Event: 2,368 GC heap after
{Heap after GC invocations=2 (full 0):
 def new generation   total 19008K, used 2112K [0x00000000c2a00000, 0x00000000c3ea0000, 0x00000000d7150000)
  eden space 16896K,   0% used [0x00000000c2a00000, 0x00000000c2a00000, 0x00000000c3a80000)
  from space 2112K, 100% used [0x00000000c3a80000, 0x00000000c3c90000, 0x00000000c3c90000)
  to   space 2112K,   0% used [0x00000000c3c90000, 0x00000000c3c90000, 0x00000000c3ea0000)
 tenured generation   total 42368K, used 2761K [0x00000000d7150000, 0x00000000d9ab0000, 0x0000000100000000)
   the space 42368K,   6% used [0x00000000d7150000, 0x00000000d7402438, 0x00000000d7402600, 0x00000000d9ab0000)
 Metaspace       used 9018K, committed 9280K, reserved 1064960K
  class space    used 1224K, committed 1344K, reserved 1048576K
}
Event: 2,956 GC heap before
{Heap before GC invocations=2 (full 0):
 def new generation   total 19008K, used 19008K [0x00000000c2a00000, 0x00000000c3ea0000, 0x00000000d7150000)
  eden space 16896K, 100% used [0x00000000c2a00000, 0x00000000c3a80000, 0x00000000c3a80000)
  from space 2112K, 100% used [0x00000000c3a80000, 0x00000000c3c90000, 0x00000000c3c90000)
  to   space 2112K,   0% used [0x00000000c3c90000, 0x00000000c3c90000, 0x00000000c3ea0000)
 tenured generation   total 42368K, used 2761K [0x00000000d7150000, 0x00000000d9ab0000, 0x0000000100000000)
   the space 42368K,   6% used [0x00000000d7150000, 0x00000000d7402438, 0x00000000d7402600, 0x00000000d9ab0000)
 Metaspace       used 11151K, committed 11392K, reserved 1064960K
  class space    used 1566K, committed 1664K, reserved 1048576K
}
Event: 2,964 GC heap after
{Heap after GC invocations=3 (full 0):
 def new generation   total 19008K, used 1417K [0x00000000c2a00000, 0x00000000c3ea0000, 0x00000000d7150000)
  eden space 16896K,   0% used [0x00000000c2a00000, 0x00000000c2a00000, 0x00000000c3a80000)
  from space 2112K,  67% used [0x00000000c3c90000, 0x00000000c3df26f0, 0x00000000c3ea0000)
  to   space 2112K,   0% used [0x00000000c3a80000, 0x00000000c3a80000, 0x00000000c3c90000)
 tenured generation   total 42368K, used 13225K [0x00000000d7150000, 0x00000000d9ab0000, 0x0000000100000000)
   the space 42368K,  31% used [0x00000000d7150000, 0x00000000d7e3a608, 0x00000000d7e3a800, 0x00000000d9ab0000)
 Metaspace       used 11151K, committed 11392K, reserved 1064960K
  class space    used 1566K, committed 1664K, reserved 1048576K
}
Event: 3,378 GC heap before
{Heap before GC invocations=3 (full 0):
 def new generation   total 19008K, used 14672K [0x00000000c2a00000, 0x00000000c3ea0000, 0x00000000d7150000)
  eden space 16896K,  78% used [0x00000000c2a00000, 0x00000000c36f1bf0, 0x00000000c3a80000)
  from space 2112K,  67% used [0x00000000c3c90000, 0x00000000c3df26f0, 0x00000000c3ea0000)
  to   space 2112K,   0% used [0x00000000c3a80000, 0x00000000c3a80000, 0x00000000c3c90000)
 tenured generation   total 42368K, used 13225K [0x00000000d7150000, 0x00000000d9ab0000, 0x0000000100000000)
   the space 42368K,  31% used [0x00000000d7150000, 0x00000000d7e3a608, 0x00000000d7e3a800, 0x00000000d9ab0000)
 Metaspace       used 14056K, committed 14336K, reserved 1064960K
  class space    used 2119K, committed 2240K, reserved 1048576K
}
Event: 3,383 GC heap after
{Heap after GC invocations=4 (full 0):
 def new generation   total 19008K, used 1039K [0x00000000c2a00000, 0x00000000c3ea0000, 0x00000000d7150000)
  eden space 16896K,   0% used [0x00000000c2a00000, 0x00000000c2a00000, 0x00000000c3a80000)
  from space 2112K,  49% used [0x00000000c3a80000, 0x00000000c3b83fa8, 0x00000000c3c90000)
  to   space 2112K,   0% used [0x00000000c3c90000, 0x00000000c3c90000, 0x00000000c3ea0000)
 tenured generation   total 42368K, used 16414K [0x00000000d7150000, 0x00000000d9ab0000, 0x0000000100000000)
   the space 42368K,  38% used [0x00000000d7150000, 0x00000000d81579a0, 0x00000000d8157a00, 0x00000000d9ab0000)
 Metaspace       used 14056K, committed 14336K, reserved 1064960K
  class space    used 2119K, committed 2240K, reserved 1048576K
}
Event: 3,433 GC heap before
{Heap before GC invocations=4 (full 0):
 def new generation   total 19008K, used 9801K [0x00000000c2a00000, 0x00000000c3ea0000, 0x00000000d7150000)
  eden space 16896K,  51% used [0x00000000c2a00000, 0x00000000c328e4d0, 0x00000000c3a80000)
  from space 2112K,  49% used [0x00000000c3a80000, 0x00000000c3b83fa8, 0x00000000c3c90000)
  to   space 2112K,   0% used [0x00000000c3c90000, 0x00000000c3c90000, 0x00000000c3ea0000)
 tenured generation   total 42368K, used 16414K [0x00000000d7150000, 0x00000000d9ab0000, 0x0000000100000000)
   the space 42368K,  38% used [0x00000000d7150000, 0x00000000d81579a0, 0x00000000d8157a00, 0x00000000d9ab0000)
 Metaspace       used 14110K, committed 14336K, reserved 1064960K
  class space    used 2129K, committed 2240K, reserved 1048576K
}
Event: 3,439 GC heap after
{Heap after GC invocations=5 (full 0):
 def new generation   total 19008K, used 1028K [0x00000000c2a00000, 0x00000000c3ea0000, 0x00000000d7150000)
  eden space 16896K,   0% used [0x00000000c2a00000, 0x00000000c2a00000, 0x00000000c3a80000)
  from space 2112K,  48% used [0x00000000c3c90000, 0x00000000c3d911d8, 0x00000000c3ea0000)
  to   space 2112K,   0% used [0x00000000c3a80000, 0x00000000c3a80000, 0x00000000c3c90000)
 tenured generation   total 42368K, used 24840K [0x00000000d7150000, 0x00000000d9ab0000, 0x0000000100000000)
   the space 42368K,  58% used [0x00000000d7150000, 0x00000000d89920d0, 0x00000000d8992200, 0x00000000d9ab0000)
 Metaspace       used 14110K, committed 14336K, reserved 1064960K
  class space    used 2129K, committed 2240K, reserved 1048576K
}

